This is TeX, Version 3.141592653 (TeX Live 2022) (INITEX)  13 JAN 2023 06:36
**smallplain.tex \dump
(./smallplain.tex Preloading the plain format: codes, registers,
\maxdimen=\dimen10
\hideskip=\skip10
\@centering=\skip11
\p@=\dimen11
\z@=\dimen12
\z@skip=\skip12
\voidb@x=\box10

compatibility for TeX 2,  parameters,
\smallskipamount=\skip13
\medskipamount=\skip14
\bigskipamount=\skip15
\normalbaselineskip=\skip16
\normallineskip=\skip17
\normallineskiplimit=\dimen13
\jot=\dimen14
\interdisplaylinepenalty=\count23
\interfootnotelinepenalty=\count24
 macros,
\strutbox=\box11
\mscount=\count25
 math definitions,
\rootbox=\box12
\p@renwd=\dimen15
\footins=\insert254
 hyphenation
(./lhyphen.tex Loading hyphenation patterns for US english.
(/usr/local/texlive/2022basic/texmf-dist/tex/generic/hyphen/hyphen.tex))
(./small-lfonts-times.tex
Missing character: There is no s in font nullfont!
Missing character: There is no c in font nullfont!
Missing character: There is no a in font nullfont!
Missing character: There is no l in font nullfont!
Missing character: There is no e in font nullfont!
Missing character: There is no d in font nullfont!
Missing character: There is no 1 in font nullfont!
Missing character: There is no 0 in font nullfont!
Missing character: There is no 9 in font nullfont!
Missing character: There is no 5 in font nullfont!
\itfam=\fam4
\slfam=\fam5
\bffam=\fam6
\ttfam=\fam7
\sffam=\fam8
\scfam=\fam9
\lyfam=\fam10
) (./small-latex.tex
LaTeX Version 2.09 - Released 19 April 1986
counters,
\@unused=\write0
\@tempcnta=\count26
\@tempcntb=\count27
\@tempdima=\dimen16
\@tempdimb=\dimen17
\@tempboxa=\box13
\@flushglue=\skip18
\@tempskipa=\skip19
\@tempskipb=\skip20
\@temptokena=\toks10
 hacks, errors, par, spacing,
\@savsk=\dimen18
\@savsf=\count28
\fill=\skip21
 control, files,
\@mainaux=\write1
\@partaux=\write2
\@clubpenalty=\count29
 env. counters,
page nos., x-ref, environments, math, center,
\@rightskip=\skip22
 verbatim, list,
\topsep=\skip23
\partopsep=\skip24
\itemsep=\skip25
\parsep=\skip26
\@topsep=\skip27
\@topsepadd=\skip28
\@outerparskip=\skip29
\leftmargin=\dimen19
\rightmargin=\dimen20
\listparindent=\dimen21
\itemindent=\dimen22
\labelwidth=\dimen23
\labelsep=\dimen24
\linewidth=\dimen25
\@totalleftmargin=\dimen26
\leftmargini=\dimen27
\leftmarginii=\dimen28
\leftmarginiii=\dimen29
\@listdepth=\count30
\@itempenalty=\count31
\@beginparpenalty=\count32
\@endparpenalty=\count33
\@labels=\box14
 itemize,
\@enumdepth=\count34
\c@enumi=\count35
\@itemdepth=\count36
 boxes,
tabbing,
\@firsttab=\count37
\@maxtab=\count38
\@gtempa=\dimen30
\@gtempa=\dimen31
\@gtempa=\dimen32
\@gtempa=\dimen33
\@gtempa=\dimen34
\@gtempa=\dimen35
\@gtempa=\dimen36
\@gtempa=\dimen37
\@gtempa=\dimen38
\@gtempa=\dimen39
\@gtempa=\dimen40
\@gtempa=\dimen41
\@gtempa=\dimen42
\@getempa=\dimen43
\@nxttabmar=\count39
\@curtabmar=\count40
\@curtab=\count41
\@hightab=\count42
\@tabpush=\count43
\@curline=\box15
\@curfield=\box16
\@tabfbox=\box17
\tabbingsep=\dimen44
 array,
\@chclass=\count44
\@lastchclass=\count45
\@chnum=\count46
\arraycolsep=\dimen45
\tabcolsep=\dimen46
\arrayrulewidth=\dimen47
\doublerulesep=\dimen48
\@arstrutbox=\box18
\@cla=\count47
\@clb=\count48
 lengths, sectioning,
\@secpenalty=\count49
\c@secnumdepth=\count50
\c@tocdepth=\count51
 contents, bibliography, floats,
\@floatpenalty=\count52
\c@topnumber=\count53
\c@dbltopnumber=\count54
\c@bottomnumber=\count55
\c@totalnumber=\count56
 initial,
output,
\bx@A=\insert253
\bx@B=\insert252
\bx@C=\insert251
\bx@D=\insert250
\bx@E=\insert249
\topmargin=\dimen49
\oddsidemargin=\dimen50
\evensidemargin=\dimen51
\headheight=\dimen52
\headsep=\dimen53
\footheight=\dimen54
\footskip=\dimen55
\textheight=\dimen56
\textwidth=\dimen57
\columnwidth=\dimen58
\columnsep=\dimen59
\columnseprule=\dimen60
\@maxdepth=\dimen61
\marginparwidth=\dimen62
\marginparsep=\dimen63
\marginparpush=\dimen64
\floatsep=\skip30
\textfloatsep=\skip31
\intextsep=\skip32
\@maxsep=\dimen65
\dblfloatsep=\skip33
\dbltextfloatsep=\skip34
\@dblmaxsep=\dimen66
\@fptop=\skip35
\@fpsep=\skip36
\@fpbot=\skip37
\@dblfptop=\skip38
\@dblfpsep=\skip39
\@dblfpbot=\skip40
\@topnum=\count57
\@toproom=\dimen67
\@dbltopnum=\count58
\@dbltoproom=\dimen68
\@botnum=\count59
\@botroom=\dimen69
\@colnum=\count60
\@textmin=\dimen70
\@fpmin=\dimen71
\@colht=\dimen72
\@colroom=\dimen73
\@pageht=\dimen74
\@pagedp=\dimen75
\@mparbottom=\dimen76
\@currtype=\count61
\@outputbox=\box19
\@leftcolumn=\box20
\@holdpg=\box21
 debugging
\@lowpenalty=\count62
\@medpenalty=\count63
\@highpenalty=\count64
)
Input any local modifications here.
)
Beginning to dump on file smallplain.fmt
 (preloaded format=smallplain 2023.1.13)
2754 strings of total length 35499
16545 memory locations dumped; current usage is 159&16268
1666 multiletter control sequences
\font\nullfont=nullfont
\font\fivrm=ptmr at 5.0pt
\font\fivmi=cmmi5
\font\fivsy=cmsy5
\font\fivly=lasy5
\font\sixrm=ptmr at 6.0pt
\font\sixmi=cmmi6
\font\sixsy=cmsy6
\font\sixly=lasy6
\font\sevrm=ptmr7t
\font\sevmi=cmmi7
\font\sevsy=cmsy7
\font\sevit=ptmri7t
\font\sevly=lasy7
\font\egtrm=ptmr8t
\font\egtmi=cmmi8
\font\egtsy=cmsy8
\font\egtit=ptmri8t
\font\egttt=ulgb8t at 6.9pt
\font\egtly=lasy8
\font\ninrm=ptmr at 9.0pt
\font\ninmi=cmmi9
\font\ninsy=cmsy9
\font\ninit=ptmri at 9.0pt
\font\ninbf=ptmb at 9.0pt
\font\nintt=ulgb8t at 7.5pt
\font\ninsf=phvr at 9.0pt
\font\ninly=lasy9
\font\tenrm=ptmr
\font\tenmi=cmmi10
\font\tensy=cmsy10
\font\tenit=ptmri
\font\tensl=cmsl10
\font\tenbf=ptmb
\font\tentt=ulgb8t at 8.5pt
\font\tensf=phvr
\font\tenly=lasy10
\font\elvrm=ptmr at 11.0pt
\font\elvmi=cmmi10 at 10.95pt
\font\elvsy=cmsy10 at 10.95pt
\font\elvit=ptmri at 11.0pt
\font\elvsl=cmsl10 at 10.95pt
\font\elvbf=ptmb at 11.0pt
\font\elvtt=ulgb8t
\font\elvsf=cmss10 at 10.95pt
\font\elvly=lasy10 at 10.95pt
\font\twlrm=ptmr at 12.0pt
\font\twlmi=cmmi10 at 12.0pt
\font\twlsy=cmsy10 at 12.0pt
\font\twlit=ptmri at 12.0pt
\font\twlsl=cmsl10 at 12.0pt
\font\twlbf=ptmb at 12.0pt
\font\twltt=ulgb8t at 9.5pt
\font\twlsf=cmss10 at 12.0pt
\font\twlly=lasy10 at 12.0pt
\font\frtnrm=ptmr at 14.0pt
\font\frtnmi=cmmi10 at 14.4pt
\font\frtnsy=cmsy10 at 14.4pt
\font\frtnbf=ptmb at 14.0pt
\font\frtnly=lasy10 at 14.4pt
\font\svtnrm=ptmr at 17.0pt
\font\svtnmi=cmmi10 at 17.28pt
\font\svtnsy=cmsy10 at 17.28pt
\font\svtnbf=ptmb at 17.0pt
\font\svtnsf=phvb at 18.0pt
\font\svtnly=lasy10 at 17.28pt
\font\twtyrm=ptmr at 20.0pt
\font\twtymi=cmmi10 at 20.73999pt
\font\twtysy=cmsy10 at 20.73999pt
\font\twtysf=phvb at 20.0pt
\font\twtyly=lasy10 at 20.73999pt
\font\twfvrm=ptmr at 25.0pt
\font\tenex=cmex10
31384 words of font info for 72 preloaded fonts
14 hyphenation exceptions
Hyphenation trie of length 6075 has 181 ops out of 35111
  181 for language 0
No pages of output.
